\BOOKMARK [0][-]{chapter.1}{\376\377\000P\000a\000n\000t\000a\000l\000l\000a\000\040\000P\000r\000i\000n\000c\000i\000p\000a\000l}{}% 1
\BOOKMARK [1][-]{section.1.1}{\376\377\000G\000e\000s\000t\000i\000\363\000n\000\040\000d\000e\000\040\000U\000s\000u\000a\000r\000i\000o\000s}{chapter.1}% 2
\BOOKMARK [1][-]{section.1.2}{\376\377\000G\000e\000s\000t\000i\000\363\000n\000\040\000d\000e\000\040\000M\000e\000d\000i\000c\000a\000m\000e\000n\000t\000o\000s}{chapter.1}% 3
\BOOKMARK [1][-]{section.1.3}{\376\377\000G\000e\000s\000t\000i\000\363\000n\000\040\000d\000e\000\040\000O\000r\000g\000a\000n\000i\000z\000a\000c\000i\000o\000n\000e\000s}{chapter.1}% 4
\BOOKMARK [1][-]{section.1.4}{\376\377\000G\000e\000s\000t\000i\000\363\000n\000\040\000d\000e\000\040\000P\000e\000d\000i\000d\000o\000s}{chapter.1}% 5
\BOOKMARK [1][-]{section.1.5}{\376\377\000G\000e\000s\000t\000i\000\363\000n\000\040\000d\000e\000\040\000F\000a\000c\000t\000u\000r\000a\000c\000i\000o\000n}{chapter.1}% 6
\BOOKMARK [1][-]{section.1.6}{\376\377\000G\000e\000s\000t\000i\000\363\000n\000\040\000d\000e\000\040\000S\000t\000o\000c\000k\000\040\000D\000i\000s\000t\000r\000i\000b\000u\000i\000d\000o}{chapter.1}% 7
\BOOKMARK [1][-]{section.1.7}{\376\377\000G\000e\000s\000t\000i\000\363\000n\000\040\000d\000e\000\040\000I\000n\000f\000o\000r\000m\000e\000\040\000d\000e\000\040\000V\000e\000n\000t\000a\000s}{chapter.1}% 8
\BOOKMARK [0][-]{chapter.2}{\376\377\000U\000s\000u\000a\000r\000i\000o\000s}{}% 9
\BOOKMARK [1][-]{section.2.1}{\376\377\000E\000n\000t\000r\000a\000r\000\040\000a\000l\000\040\000s\000i\000s\000t\000e\000m\000a}{chapter.2}% 10
\BOOKMARK [1][-]{section.2.2}{\376\377\000A\000g\000r\000e\000g\000a\000r\000\040\000U\000s\000u\000a\000r\000i\000o}{chapter.2}% 11
\BOOKMARK [1][-]{section.2.3}{\376\377\000C\000e\000r\000r\000a\000r\000\040\000S\000e\000s\000i\000\363\000n}{chapter.2}% 12
\BOOKMARK [0][-]{chapter.3}{\376\377\000M\000e\000d\000i\000c\000a\000m\000e\000n\000t\000o\000s}{}% 13
\BOOKMARK [1][-]{section.3.1}{\376\377\000M\000e\000d\000i\000c\000a\000m\000e\000n\000t\000o\000s}{chapter.3}% 14
\BOOKMARK [2][-]{subsection.3.1.1}{\376\377\000A\000l\000t\000a\000\040\000M\000e\000d\000i\000c\000a\000m\000e\000n\000t\000o}{section.3.1}% 15
\BOOKMARK [2][-]{subsection.3.1.2}{\376\377\000M\000o\000d\000i\000f\000i\000c\000a\000r\000\040\000S\000t\000o\000c\000k\000\040\000M\000\355\000n\000i\000m\000o}{section.3.1}% 16
\BOOKMARK [2][-]{subsection.3.1.3}{\376\377\000M\000o\000d\000i\000f\000i\000c\000a\000r\000\040\000P\000r\000e\000c\000i\000o\000\040\000d\000e\000\040\000V\000e\000n\000t\000a}{section.3.1}% 17
\BOOKMARK [2][-]{subsection.3.1.4}{\376\377\000E\000l\000i\000m\000i\000n\000a\000r\000\040\000M\000e\000d\000i\000c\000a\000m\000e\000n\000t\000o}{section.3.1}% 18
\BOOKMARK [2][-]{subsection.3.1.5}{\376\377\000V\000e\000r\000\040\000L\000o\000t\000e\000s}{section.3.1}% 19
\BOOKMARK [2][-]{subsection.3.1.6}{\376\377\000S\000t\000o\000c\000k\000\040\000G\000l\000o\000b\000a\000l}{section.3.1}% 20
\BOOKMARK [2][-]{subsection.3.1.7}{\376\377\000R\000e\000p\000o\000r\000t\000e\000s}{section.3.1}% 21
\BOOKMARK [2][-]{subsection.3.1.8}{\376\377\000F\000o\000r\000m\000u\000l\000a\000r\000i\000o\000\040\000d\000e\000\040\000B\000\372\000s\000q\000u\000e\000d\000a}{section.3.1}% 22
\BOOKMARK [1][-]{section.3.2}{\376\377\000M\000o\000n\000o\000d\000r\000o\000g\000a\000s}{chapter.3}% 23
\BOOKMARK [2][-]{subsection.3.2.1}{\376\377\000A\000l\000t\000a\000\040\000M\000o\000n\000o\000d\000r\000o\000g\000a}{section.3.2}% 24
\BOOKMARK [2][-]{subsection.3.2.2}{\376\377\000M\000o\000d\000i\000f\000i\000c\000a\000r\000\040\000M\000o\000n\000o\000d\000r\000o\000g\000a}{section.3.2}% 25
\BOOKMARK [2][-]{subsection.3.2.3}{\376\377\000E\000l\000i\000m\000i\000n\000a\000r\000\040\000M\000o\000n\000o\000d\000r\000o\000g\000a}{section.3.2}% 26
\BOOKMARK [2][-]{subsection.3.2.4}{\376\377\000F\000o\000r\000m\000u\000l\000a\000r\000i\000o\000\040\000d\000e\000\040\000B\000\372\000s\000q\000u\000e\000d\000a}{section.3.2}% 27
\BOOKMARK [1][-]{section.3.3}{\376\377\000P\000r\000e\000s\000e\000n\000t\000a\000c\000i\000o\000n\000e\000s}{chapter.3}% 28
\BOOKMARK [2][-]{subsection.3.3.1}{\376\377\000A\000l\000t\000a\000\040\000P\000r\000e\000s\000e\000n\000t\000a\000c\000i\000\363\000n}{section.3.3}% 29
\BOOKMARK [2][-]{subsection.3.3.2}{\376\377\000M\000o\000d\000i\000f\000i\000c\000a\000r\000\040\000P\000r\000e\000s\000e\000n\000t\000a\000c\000i\000\363\000n}{section.3.3}% 30
\BOOKMARK [2][-]{subsection.3.3.3}{\376\377\000E\000l\000i\000m\000i\000n\000a\000r\000\040\000P\000r\000e\000s\000e\000n\000t\000a\000c\000i\000\363\000n}{section.3.3}% 31
\BOOKMARK [2][-]{subsection.3.3.4}{\376\377\000F\000o\000r\000m\000u\000l\000a\000r\000i\000o\000\040\000d\000e\000\040\000B\000\372\000s\000q\000u\000e\000d\000a}{section.3.3}% 32
\BOOKMARK [1][-]{section.3.4}{\376\377\000N\000o\000m\000b\000r\000e\000s\000\040\000F\000a\000n\000t\000a\000s\000i\000a}{chapter.3}% 33
\BOOKMARK [2][-]{subsection.3.4.1}{\376\377\000A\000l\000t\000a\000\040\000N\000o\000m\000b\000r\000e\000\040\000F\000a\000n\000t\000a\000s\000\355\000a}{section.3.4}% 34
\BOOKMARK [2][-]{subsection.3.4.2}{\376\377\000M\000o\000d\000i\000f\000i\000c\000a\000r\000\040\000N\000o\000m\000b\000r\000e\000\040\000F\000a\000n\000t\000a\000s\000\355\000a}{section.3.4}% 35
\BOOKMARK [2][-]{subsection.3.4.3}{\376\377\000E\000l\000i\000m\000i\000n\000a\000r\000\040\000N\000o\000m\000b\000r\000e\000\040\000F\000a\000n\000t\000a\000s\000\355\000a}{section.3.4}% 36
\BOOKMARK [2][-]{subsection.3.4.4}{\376\377\000F\000o\000r\000m\000u\000l\000a\000r\000i\000o\000\040\000d\000e\000\040\000B\000\372\000s\000q\000u\000e\000d\000a}{section.3.4}% 37
\BOOKMARK [0][-]{chapter.4}{\376\377\000O\000r\000g\000a\000n\000i\000z\000a\000c\000i\000o\000n\000e\000s}{}% 38
\BOOKMARK [1][-]{section.4.1}{\376\377\000F\000a\000r\000m\000a\000c\000i\000a\000s}{chapter.4}% 39
\BOOKMARK [2][-]{subsection.4.1.1}{\376\377\000A\000l\000t\000a\000\040\000F\000a\000r\000m\000a\000c\000i\000a}{section.4.1}% 40
\BOOKMARK [2][-]{subsection.4.1.2}{\376\377\000M\000o\000d\000i\000f\000i\000c\000a\000r\000\040\000F\000a\000r\000m\000a\000c\000i\000a}{section.4.1}% 41
\BOOKMARK [2][-]{subsection.4.1.3}{\376\377\000E\000l\000i\000m\000i\000n\000a\000r\000\040\000F\000a\000r\000m\000a\000c\000i\000a}{section.4.1}% 42
\BOOKMARK [2][-]{subsection.4.1.4}{\376\377\000F\000o\000r\000m\000u\000l\000a\000r\000i\000o\000\040\000d\000e\000\040\000B\000\372\000s\000q\000u\000e\000d\000a}{section.4.1}% 43
\BOOKMARK [1][-]{section.4.2}{\376\377\000C\000l\000\355\000n\000i\000c\000a\000s}{chapter.4}% 44
\BOOKMARK [2][-]{subsection.4.2.1}{\376\377\000A\000l\000t\000a\000\040\000C\000l\000\355\000n\000i\000c\000a}{section.4.2}% 45
\BOOKMARK [2][-]{subsection.4.2.2}{\376\377\000V\000e\000r\000\040\000O\000b\000r\000a\000s\000\040\000S\000o\000c\000i\000a\000l\000e\000s}{section.4.2}% 46
\BOOKMARK [2][-]{subsection.4.2.3}{\376\377\000M\000o\000d\000i\000f\000i\000c\000a\000r\000\040\000C\000l\000\355\000n\000i\000c\000a}{section.4.2}% 47
\BOOKMARK [2][-]{subsection.4.2.4}{\376\377\000E\000l\000i\000m\000i\000n\000a\000r\000\040\000C\000l\000\355\000n\000i\000c\000a}{section.4.2}% 48
\BOOKMARK [2][-]{subsection.4.2.5}{\376\377\000F\000o\000r\000m\000u\000l\000a\000r\000i\000o\000\040\000d\000e\000\040\000B\000\372\000s\000q\000u\000e\000d\000a}{section.4.2}% 49
\BOOKMARK [1][-]{section.4.3}{\376\377\000L\000a\000b\000o\000r\000a\000t\000o\000r\000i\000o\000s}{chapter.4}% 50
\BOOKMARK [2][-]{subsection.4.3.1}{\376\377\000A\000l\000t\000a\000\040\000L\000a\000b\000o\000r\000a\000t\000o\000r\000i\000o}{section.4.3}% 51
\BOOKMARK [2][-]{subsection.4.3.2}{\376\377\000M\000o\000d\000i\000f\000i\000c\000a\000r\000\040\000L\000a\000b\000o\000r\000a\000t\000o\000r\000i\000o}{section.4.3}% 52
\BOOKMARK [2][-]{subsection.4.3.3}{\376\377\000E\000l\000i\000m\000i\000n\000a\000r\000\040\000L\000a\000b\000o\000r\000a\000t\000o\000r\000i\000o}{section.4.3}% 53
\BOOKMARK [2][-]{subsection.4.3.4}{\376\377\000F\000o\000r\000m\000u\000l\000a\000r\000i\000o\000\040\000d\000e\000\040\000B\000\372\000s\000q\000u\000e\000d\000a}{section.4.3}% 54
\BOOKMARK [1][-]{section.4.4}{\376\377\000O\000b\000r\000a\000s\000\040\000S\000o\000c\000i\000a\000l\000e\000s}{chapter.4}% 55
\BOOKMARK [2][-]{subsection.4.4.1}{\376\377\000A\000l\000t\000a\000\040\000O\000b\000r\000a\000\040\000S\000o\000c\000i\000a\000l}{section.4.4}% 56
\BOOKMARK [2][-]{subsection.4.4.2}{\376\377\000M\000o\000d\000i\000f\000i\000c\000a\000r\000\040\000O\000b\000r\000a\000\040\000S\000o\000c\000i\000a\000l}{section.4.4}% 57
\BOOKMARK [2][-]{subsection.4.4.3}{\376\377\000E\000l\000i\000m\000i\000n\000a\000r\000\040\000O\000b\000r\000a\000\040\000S\000o\000c\000i\000a\000l}{section.4.4}% 58
\BOOKMARK [2][-]{subsection.4.4.4}{\376\377\000F\000o\000r\000m\000u\000l\000a\000r\000i\000o\000\040\000d\000e\000\040\000B\000\372\000s\000q\000u\000e\000d\000a}{section.4.4}% 59
\BOOKMARK [0][-]{chapter.5}{\376\377\000P\000e\000d\000i\000d\000o\000s}{}% 60
\BOOKMARK [1][-]{section.5.1}{\376\377\000P\000e\000d\000i\000d\000o\000s\000\040\000d\000e\000\040\000F\000a\000r\000m\000a\000c\000i\000a}{chapter.5}% 61
\BOOKMARK [2][-]{subsection.5.1.1}{\376\377\000A\000l\000t\000a\000\040\000P\000e\000d\000i\000d\000o}{section.5.1}% 62
\BOOKMARK [2][-]{subsection.5.1.2}{\376\377\000V\000e\000r\000\040\000D\000e\000t\000a\000l\000l\000e\000s}{section.5.1}% 63
\BOOKMARK [2][-]{subsection.5.1.3}{\376\377\000V\000e\000r\000\040\000R\000e\000m\000i\000t\000o\000s}{section.5.1}% 64
\BOOKMARK [2][-]{subsection.5.1.4}{\376\377\000P\000e\000d\000i\000d\000o\000s\000\040\000c\000o\000n\000\040\000F\000a\000l\000t\000a\000n\000t\000e\000s\000\040\000d\000i\000s\000t\000r\000i\000b\000u\000i\000d\000o\000s}{section.5.1}% 65
\BOOKMARK [2][-]{subsection.5.1.5}{\376\377\000F\000o\000r\000m\000u\000l\000a\000r\000i\000o\000\040\000d\000e\000\040\000B\000\372\000s\000q\000u\000e\000d\000a}{section.5.1}% 66
\BOOKMARK [1][-]{section.5.2}{\376\377\000P\000e\000d\000i\000d\000o\000s\000\040\000d\000e\000\040\000C\000l\000\355\000n\000i\000c\000a}{chapter.5}% 67
\BOOKMARK [2][-]{subsection.5.2.1}{\376\377\000A\000l\000t\000a\000\040\000P\000e\000d\000i\000d\000o}{section.5.2}% 68
\BOOKMARK [2][-]{subsection.5.2.2}{\376\377\000V\000e\000r\000\040\000D\000e\000t\000a\000l\000l\000e\000s}{section.5.2}% 69
\BOOKMARK [2][-]{subsection.5.2.3}{\376\377\000V\000e\000r\000\040\000R\000e\000m\000i\000t\000o\000s}{section.5.2}% 70
\BOOKMARK [2][-]{subsection.5.2.4}{\376\377\000R\000e\000p\000o\000r\000t\000e\000s}{section.5.2}% 71
\BOOKMARK [2][-]{subsection.5.2.5}{\376\377\000F\000o\000r\000m\000u\000l\000a\000r\000i\000o\000\040\000d\000e\000\040\000B\000\372\000s\000q\000u\000e\000d\000a}{section.5.2}% 72
\BOOKMARK [1][-]{section.5.3}{\376\377\000P\000e\000d\000i\000d\000o\000s\000\040\000a\000\040\000L\000a\000b\000o\000r\000a\000t\000o\000r\000i\000o}{chapter.5}% 73
\BOOKMARK [2][-]{subsection.5.3.1}{\376\377\000A\000l\000t\000a\000\040\000P\000e\000d\000i\000d\000o}{section.5.3}% 74
\BOOKMARK [2][-]{subsection.5.3.2}{\376\377\000C\000a\000n\000c\000e\000l\000a\000r\000\040\000u\000n\000\040\000P\000e\000d\000i\000d\000o}{section.5.3}% 75
\BOOKMARK [2][-]{subsection.5.3.3}{\376\377\000V\000e\000r\000\040\000D\000e\000t\000a\000l\000l\000e\000s}{section.5.3}% 76
\BOOKMARK [2][-]{subsection.5.3.4}{\376\377\000V\000e\000r\000\040\000R\000e\000m\000i\000t\000o\000s}{section.5.3}% 77
\BOOKMARK [2][-]{subsection.5.3.5}{\376\377\000R\000e\000p\000o\000r\000t\000e\000s}{section.5.3}% 78
\BOOKMARK [2][-]{subsection.5.3.6}{\376\377\000F\000o\000r\000m\000u\000l\000a\000r\000i\000o\000\040\000d\000e\000\040\000B\000\372\000s\000q\000u\000e\000d\000a}{section.5.3}% 79
\BOOKMARK [1][-]{section.5.4}{\376\377\000R\000e\000c\000e\000p\000c\000i\000o\000n\000\040\000d\000e\000\040\000P\000e\000d\000i\000d\000o\000s\000\040\000d\000e\000\040\000L\000a\000b\000o\000r\000a\000t\000o\000r\000i\000o}{chapter.5}% 80
\BOOKMARK [2][-]{subsection.5.4.1}{\376\377\000R\000e\000g\000i\000s\000t\000r\000a\000r\000\040\000R\000e\000c\000e\000p\000c\000i\000\363\000n}{section.5.4}% 81
\BOOKMARK [2][-]{subsection.5.4.2}{\376\377\000F\000o\000r\000m\000u\000l\000a\000r\000i\000o\000\040\000d\000e\000\040\000B\000\372\000s\000q\000u\000e\000d\000a}{section.5.4}% 82
\BOOKMARK [1][-]{section.5.5}{\376\377\000R\000e\000g\000i\000s\000t\000r\000a\000r\000\040\000D\000e\000v\000o\000l\000u\000c\000i\000\363\000n\000\040\000d\000e\000\040\000M\000e\000d\000i\000c\000a\000m\000e\000n\000t\000o\000s\000\040\000V\000e\000n\000c\000i\000d\000o\000s}{chapter.5}% 83
\BOOKMARK [2][-]{subsection.5.5.1}{\376\377\000R\000e\000g\000i\000s\000t\000r\000a\000r\000\040\000D\000e\000v\000o\000l\000u\000c\000i\000\363\000n}{section.5.5}% 84
\BOOKMARK [0][-]{chapter.6}{\376\377\000V\000i\000s\000t\000a\000\040\000M\000o\000v\000i\000l}{}% 85
\BOOKMARK [1][-]{section.6.1}{\376\377\000P\000a\000n\000t\000a\000l\000l\000a\000\040\000P\000r\000i\000n\000c\000i\000p\000a\000l}{chapter.6}% 86
\BOOKMARK [1][-]{section.6.2}{\376\377\000C\000a\000m\000p\000o\000s\000\040\000d\000e\000\040\000l\000a\000\040\000P\000a\000n\000t\000a\000l\000l\000a\000\040\000P\000r\000i\000n\000c\000i\000p\000a\000l}{chapter.6}% 87
\BOOKMARK [1][-]{section.6.3}{\376\377\000M\000e\000d\000i\000c\000a\000m\000e\000n\000t\000o\000s}{chapter.6}% 88
\BOOKMARK [1][-]{section.6.4}{\376\377\000A\000\361\000a\000d\000i\000r\000\040\000a\000\040\000P\000e\000d\000i\000d\000o}{chapter.6}% 89
\BOOKMARK [1][-]{section.6.5}{\376\377\000O\000r\000g\000a\000n\000i\000z\000a\000c\000i\000o\000n\000e\000s}{chapter.6}% 90
\BOOKMARK [1][-]{section.6.6}{\376\377\000P\000e\000d\000i\000d\000o\000s}{chapter.6}% 91
\BOOKMARK [1][-]{section.6.7}{\376\377\000I\000n\000f\000o\000r\000m\000a\000c\000i\000o\000n\000\040\000E\000x\000t\000r\000a}{chapter.6}% 92
\BOOKMARK [0][-]{chapter.7}{\376\377\000F\000a\000c\000t\000u\000r\000a\000c\000i\000o\000n}{}% 93
\BOOKMARK [1][-]{section.7.1}{\376\377\000V\000e\000n\000t\000a\000s}{chapter.7}% 94
\BOOKMARK [2][-]{subsection.7.1.1}{\376\377\000G\000e\000n\000e\000r\000a\000r\000\040\000F\000a\000c\000t\000u\000r\000a\000\040\000V\000e\000n\000t\000a}{section.7.1}% 95
\BOOKMARK [2][-]{subsection.7.1.2}{\376\377\000V\000e\000r\000\040\000F\000a\000c\000t\000u\000r\000a\000s\000\040\000E\000m\000i\000t\000i\000d\000a\000s}{section.7.1}% 96
\BOOKMARK [2][-]{subsection.7.1.3}{\376\377\000I\000m\000p\000r\000i\000m\000i\000r}{section.7.1}% 97
\BOOKMARK [2][-]{subsection.7.1.4}{\376\377\000V\000e\000r\000\040\000F\000e\000c\000h\000a\000\040\000d\000e\000\040\000P\000a\000g\000o}{section.7.1}% 98
\BOOKMARK [2][-]{subsection.7.1.5}{\376\377\000R\000e\000g\000i\000s\000t\000r\000a\000r\000\040\000P\000a\000g\000o}{section.7.1}% 99
\BOOKMARK [2][-]{subsection.7.1.6}{\376\377\000R\000e\000p\000o\000r\000t\000e\000s}{section.7.1}% 100
\BOOKMARK [2][-]{subsection.7.1.7}{\376\377\000F\000o\000r\000m\000u\000l\000a\000r\000i\000o\000\040\000d\000e\000\040\000B\000\372\000s\000q\000u\000e\000d\000a\000\040\000d\000e\000\040\000V\000e\000n\000t\000a\000s}{section.7.1}% 101
\BOOKMARK [2][-]{subsection.7.1.8}{\376\377\000F\000o\000r\000m\000u\000l\000a\000r\000i\000o\000\040\000d\000e\000\040\000B\000\372\000s\000q\000u\000e\000d\000a\000\040\000F\000a\000c\000t\000u\000r\000a\000s\000\040\000E\000m\000i\000t\000i\000d\000a\000s}{section.7.1}% 102
\BOOKMARK [1][-]{section.7.2}{\376\377\000C\000o\000m\000p\000r\000a\000s}{chapter.7}% 103
\BOOKMARK [2][-]{subsection.7.2.1}{\376\377\000G\000e\000n\000e\000r\000a\000r\000\040\000F\000a\000c\000t\000u\000r\000a\000\040\000d\000e\000\040\000C\000o\000m\000p\000r\000a}{section.7.2}% 104
\BOOKMARK [2][-]{subsection.7.2.2}{\376\377\000V\000e\000r\000\040\000F\000a\000c\000t\000u\000r\000a\000d\000o\000s}{section.7.2}% 105
\BOOKMARK [2][-]{subsection.7.2.3}{\376\377\000C\000a\000n\000c\000e\000l\000a\000r\000\040\000P\000a\000g\000o}{section.7.2}% 106
\BOOKMARK [2][-]{subsection.7.2.4}{\376\377\000V\000e\000r\000\040\000D\000e\000t\000a\000l\000l\000e\000\040\000d\000e\000\040\000P\000a\000g\000o}{section.7.2}% 107
\BOOKMARK [2][-]{subsection.7.2.5}{\376\377\000R\000e\000p\000o\000r\000t\000e\000s}{section.7.2}% 108
\BOOKMARK [2][-]{subsection.7.2.6}{\376\377\000F\000o\000r\000m\000u\000l\000a\000r\000i\000o\000\040\000d\000e\000\040\000B\000\372\000s\000q\000u\000e\000d\000a\000\040\000d\000e\000\040\000C\000o\000m\000p\000r\000a\000s}{section.7.2}% 109
\BOOKMARK [2][-]{subsection.7.2.7}{\376\377\000F\000o\000r\000m\000u\000l\000a\000r\000i\000o\000\040\000d\000e\000\040\000B\000\372\000s\000q\000u\000e\000d\000a\000\040\000F\000a\000c\000t\000u\000r\000a\000s\000\040\000E\000m\000i\000t\000i\000d\000a\000s}{section.7.2}% 110
\BOOKMARK [1][-]{section.7.3}{\376\377\000F\000o\000r\000m\000a\000s\000\040\000d\000e\000\040\000P\000a\000g\000o}{chapter.7}% 111
\BOOKMARK [0][-]{chapter.8}{\376\377\000S\000t\000o\000c\000k\000\040\000D\000i\000s\000t\000r\000i\000b\000u\000i\000d\000o}{}% 112
\BOOKMARK [1][-]{section.8.1}{\376\377\000F\000o\000r\000m\000u\000l\000a\000r\000i\000o\000\040\000d\000e\000\040\000B\000\372\000s\000q\000u\000e\000d\000a}{chapter.8}% 113
\BOOKMARK [0][-]{chapter.9}{\376\377\000I\000n\000f\000o\000r\000m\000e\000\040\000d\000e\000\040\000V\000e\000n\000t\000a\000s}{}% 114
